<?xml version="1.0" encoding="UTF-8"?>
<!-- Generated by org.testng.reporters.JUnitReportReporter -->
<testsuite hostname="vijay" failures="0" tests="2" name="testscripts.ApiTest" time="2.058" errors="0" timestamp="2024-02-05T13:05:07 GMT-05:00" skipped="0">
  <testcase classname="testscripts.ApiTest" name="getUserPageTwo" time="0.138"/>
  <testcase classname="testscripts.ApiTest" name="getSingleUser" time="1.920"/>
</testsuite> <!-- testscripts.ApiTest -->
