<?xml version="1.0" encoding="UTF-8"?>
<!-- Generated by org.testng.reporters.JUnitReportReporter -->
<testsuite hostname="vijay" failures="0" tests="1" name="registration.TCRF001Testng" time="7.172" errors="0" timestamp="2024-05-02T15:06:55 EDT" skipped="0">
  <testcase classname="registration.TCRF001Testng" name="tcrf001" time="7.172"/>
</testsuite> <!-- registration.TCRF001Testng -->
