<?xml version="1.0" encoding="UTF-8"?>
<!-- Generated by org.testng.reporters.JUnitReportReporter -->
<testsuite hostname="vijay" failures="0" tests="2" name="registration.registrationtestsTestng" time="15.138" errors="0" timestamp="2024-05-03T14:03:39 EDT" skipped="0">
  <testcase classname="registration.registrationtestsTestng" name="RegisterAccountewithallfields" time="8.048"/>
  <testcase classname="registration.registrationtestsTestng" name="RegisterAccountewithallmanadatoryfields" time="7.090"/>
</testsuite> <!-- registration.registrationtestsTestng -->
